  ----------------------------------------------------------------------------------------------------
|                                      Processus started :-)                                       |
----------------------------------------------------------------------------------------------------
  	- There are 20382 images in Sentinel Collection matching date and area constraints
  	- There are 260 images already processed (already existing in GEE folder)
  	- There are 9971 images to ignore
  	- There are 10222 images to process
     0/10222 = 00.00%   Image 20181224T113459_20181224T113501_T30UUD
  ----------------------------------------------------------------------------------------------------
|                                      Processus started :-)                                       |
----------------------------------------------------------------------------------------------------
  	- There are 20382 images in Sentinel Collection matching date and area constraints
  	- There are 260 images already processed (already existing in GEE folder)
  	- There are 9971 images to ignore
  	- There are 10222 images to process
     0/10222 = 00.00%   Image 20181128T111409_20181128T111425_T30UWF
     1/10222 = 00.01%   Image 20180818T112111_20180818T112153_T30VWH
     2/10222 = 00.02%   Image 20181021T115359_20181021T115513_T29UMB
     3/10222 = 00.03%   Image 20181018T114349_20181018T114346_T30UUF
     4/10222 = 00.04%   Image 20180722T113321_20180722T113548_T30UVB
     5/10222 = 00.05%   Image 20180701T120401_20180701T120358_T29UMV
     6/10222 = 00.06%   Image 20181114T113329_20181114T113326_T30UUF
     7/10222 = 00.07%   Image 20180923T114341_20180923T114344_T29UNV
     8/10222 = 00.08%   Image 20181007T112111_20181007T112305_T30UVC
     9/10222 = 00.09%   Image 20180905T113309_20180905T113450_T30UUE
    10/10222 = 00.10%   Image 20181217T114459_20181217T114502_T29UMU
    11/10222 = 00.11%   Image 20180717T113319_20180717T113317_T30VXL
    12/10222 = 00.12%   Image 20180805T110621_20180805T111514_T31UCB





  --------------------------------------------------------------------------------------------------
|                                      Processus started :-)                                       |
----------------------------------------------------------------------------------------------------
  	- There are 20382 images in Sentinel Collection matching date and area constraints
  	- There are 267 images already processed (already existing in GEE folder)
  	- There are 9971 images to ignore
  	- There are 10215 images to process
     0/10215 = 00.00%   Image 20180707T113319_20180707T113317_T30VVL
     1/10215 = 00.01%   Image 20180907T112111_20180907T112111_T30VXJ
     2/10215 = 00.02%   Image 20180801T113321_20180801T113319_T30UVE
     3/10215 = 00.03%   Image 20181104T113319_20181104T113316_T29UNT
     4/10215 = 00.04%   Image 20180721T120401_20180721T120358_T28UGC
     5/10215 = 00.05%   Image 20180910T113321_20180910T113316_T30VWH
     6/10215 = 00.06%   Image 20180808T112111_20180808T112113_T30VXL
  --------------------------------------------------------------------------------------------------
|                                      Processus started :-)                                       |
----------------------------------------------------------------------------------------------------
  --------------------------------------------------------------------------------------------------
|                                      Processus started :-)                                       |
----------------------------------------------------------------------------------------------------
  	- There are 20382 images in Sentinel Collection matching date and area constraints
  	- There are 274 images already processed (already existing in GEE folder)
  	- There are 9971 images to ignore
  	- There are 10208 images to process
     0/10208 = 00.00%   Image 20180706T110621_20180706T110918_T30UXF
  --------------------------------------------------------------------------------------------------
|                                      Processus started :-)                                       |
----------------------------------------------------------------------------------------------------
  	- There are 20382 images in Sentinel Collection matching date and area constraints
  	- There are 274 images already processed (already existing in GEE folder)
  	- There are 9971 images to ignore
  	- There are 10208 images to process
     0/10208 = 00.00%   Image 20180714T112109_20180714T112112_T30UXD
  --------------------------------------------------------------------------------------------------
|                                      Processus started :-)                                       |
----------------------------------------------------------------------------------------------------
  	- There are 20382 images in Sentinel Collection matching date and area constraints
  	- There are 274 images already processed (already existing in GEE folder)
  	- There are 9971 images to ignore
  	- There are 10208 images to process
     0/10208 = 00.00%   Image 20180818T112111_20180818T112627_T29UQS
     1/10208 = 00.01%   Image 20181016T115401_20181016T115357_T30UUG
     2/10208 = 00.02%   Image 20181204T113439_20181204T113436_T30UUD
     3/10208 = 00.03%   Image 20181210T115459_20181210T115456_T29VPF
  The image 20181210T115459_20181210T115456_T29VPF do not intersect the area. It has been ignored
     4/10208 = 00.04%   Image 20181222T114501_20181222T114500_T30UVG
     5/10208 = 00.05%   Image 20180829T114339_20180829T114339_T29UQU
  The image 20180829T114339_20180829T114339_T29UQU do not intersect the area. It has been ignored
     6/10208 = 00.06%   Image 20180914T110651_20180914T111041_T30VXH
  The image 20180914T110651_20180914T111041_T30VXH do not intersect the area. It has been ignored
     7/10208 = 00.07%   Image 20180703T115359_20180703T115358_T30VVL
     8/10208 = 00.08%   Image 20181211T112449_20181211T112446_T30UXF
     9/10208 = 00.09%   Image 20180910T113321_20180910T113316_T31VCH
  The image 20180910T113321_20180910T113316_T31VCH do not intersect the area. It has been ignored
    10/10208 = 00.10%   Image 20180906T115401_20180906T115357_T28UGD
  The image 20180906T115401_20180906T115357_T28UGD do not intersect the area. It has been ignored
    11/10208 = 00.11%   Image 20180920T113311_20180920T113314_T30VUH
    12/10208 = 00.12%   Image 20180901T105621_20180901T105939_T31UCU
    13/10208 = 00.13%   Image 20180714T112109_20180714T112112_T31UCB
  The image 20180714T112109_20180714T112112_T31UCB do not intersect the area. It has been ignored
    14/10208 = 00.14%   Image 20181018T105031_20181018T105349_T31UDU
  The image 20181018T105031_20181018T105349_T31UDU do not intersect the area. It has been ignored
    15/10208 = 00.15%   Image 20180922T112109_20180922T112106_T30UXC
    16/10208 = 00.16%   Image 20180928T114349_20180928T114343_T29UQU
  The image 20180928T114349_20180928T114343_T29UQU do not intersect the area. It has been ignored
    17/10208 = 00.17%   Image 20181103T111221_20181103T111436_T31UDV
  The image 20181103T111221_20181103T111436_T31UDV do not intersect the area. It has been ignored
    18/10208 = 00.18%   Image 20180908T114339_20180908T114340_T29UNV
    19/10208 = 00.19%   Image 20181020T113321_20181020T113439_T29UNR
  The image 20181020T113321_20181020T113439_T29UNR do not intersect the area. It has been ignored
    20/10208 = 00.20%   Image 20180906T105639_20180906T110521_T30UYC
    21/10208 = 00.21%   Image 20181216T112451_20181216T112449_T29UQS
    22/10208 = 00.22%   Image 20180822T105621_20180822T110418_T31UCU
    23/10208 = 00.23%   Image 20180912T112109_20180912T112104_T30UWA
    24/10208 = 00.24%   Image 20180820T120401_20180820T120356_T29UNB
  The image 20180820T120401_20180820T120356_T29UNB do not intersect the area. It has been ignored
    25/10208 = 00.24%   Image 20181122T114401_20181122T114454_T29VNE
    26/10208 = 00.25%   Image 20180930T113321_20180930T113315_T30VVJ
    27/10208 = 00.26%   Image 20180814T114351_20180814T114413_T30VXN
    28/10208 = 00.27%   Image 20180706T110621_20180706T110918_T31UDV
  The image 20180706T110621_20180706T110918_T31UDV do not intersect the area. It has been ignored
